# JRE version: Java(TM) SE Runtime Environment (21.0.6+8) (build 21.0.6+8-LTS-188)
# Java VM: Java HotSpot(TM) 64-Bit Server VM (21.0.6+8-LTS-188, mixed mode, sharing, tiered, compressed oops, compressed class ptrs, g1 gc, windows-amd64)
GC Precious Log:
 CardTable entry size: 512
 Card Set container configuration: InlinePtr #cards 5 size 8 Array Of Cards #cards 12 size 40 Howl #buckets 4 coarsen threshold 1843 Howl Bitmap #cards 512 size 80 coarsen threshold 460 Card regions per heap region 1 cards per card region 2048
 CPUs: 16 total, 16 available
 Memory: 7563M
 Large Page Support: Disabled
 NUMA Support: Disabled
 Compressed Oops: Enabled (32-bit)
 Heap Region Size: 1M
 Heap Min Capacity: 8M
 Heap Initial Capacity: 120M
 Heap Max Capacity: 1892M
 Pre-touch: Disabled
 Parallel Workers: 13
 Concurrent Workers: 3
 Concurrent Refinement Workers: 13
 Periodic GC: Disabled
Heap:
 garbage-first heap   total 109568K, used 83909K [0x0000000089c00000, 0x0000000100000000)
  region size 1024K, 46 young (47104K), 1 survivors (1024K)
 Metaspace       used 91608K, committed 92480K, reserved 1179648K
  class space    used 12032K, committed 12544K, reserved 1048576K
GC Heap History (20 events):
Event: 3599.329 GC heap before
{Heap before GC invocations=39 (full 0):
 garbage-first heap   total 109568K, used 98108K [0x0000000089c00000, 0x0000000100000000)
  region size 1024K, 60 young (61440K), 3 survivors (3072K)
 Metaspace       used 90218K, committed 91072K, reserved 1179648K
  class space    used 12024K, committed 12544K, reserved 1048576K
}
Event: 3599.333 GC heap after
{Heap after GC invocations=40 (full 0):
 garbage-first heap   total 109568K, used 40758K [0x0000000089c00000, 0x0000000100000000)
  region size 1024K, 3 young (3072K), 3 survivors (3072K)
 Metaspace       used 90218K, committed 91072K, reserved 1179648K
  class space    used 12024K, committed 12544K, reserved 1048576K
}
Event: 3898.103 GC heap before
{Heap before GC invocations=40 (full 0):
 garbage-first heap   total 109568K, used 99126K [0x0000000089c00000, 0x0000000100000000)
  region size 1024K, 60 young (61440K), 3 survivors (3072K)
 Metaspace       used 90458K, committed 91328K, reserved 1179648K
  class space    used 12026K, committed 12544K, reserved 1048576K
}
Event: 3898.122 GC heap after
{Heap after GC invocations=41 (full 0):
 garbage-first heap   total 109568K, used 39987K [0x0000000089c00000, 0x0000000100000000)
  region size 1024K, 4 young (4096K), 4 survivors (4096K)
 Metaspace       used 90458K, committed 91328K, reserved 1179648K
  class space    used 12026K, committed 12544K, reserved 1048576K
}
Event: 4261.712 GC heap before
{Heap before GC invocations=41 (full 0):
 garbage-first heap   total 109568K, used 98355K [0x0000000089c00000, 0x0000000100000000)
  region size 1024K, 61 young (62464K), 4 survivors (4096K)
 Metaspace       used 90563K, committed 91392K, reserved 1179648K
  class space    used 12026K, committed 12544K, reserved 1048576K
}
Event: 4261.719 GC heap after
{Heap after GC invocations=42 (full 0):
 garbage-first heap   total 109568K, used 39788K [0x0000000089c00000, 0x0000000100000000)
  region size 1024K, 3 young (3072K), 3 survivors (3072K)
 Metaspace       used 90563K, committed 91392K, reserved 1179648K
  class space    used 12026K, committed 12544K, reserved 1048576K
}
Event: 4619.579 GC heap before
{Heap before GC invocations=43 (full 0):
 garbage-first heap   total 109568K, used 100204K [0x0000000089c00000, 0x0000000100000000)
  region size 1024K, 62 young (63488K), 3 survivors (3072K)
 Metaspace       used 90703K, committed 91520K, reserved 1179648K
  class space    used 12027K, committed 12544K, reserved 1048576K
}
Event: 4619.630 GC heap after
{Heap after GC invocations=44 (full 0):
 garbage-first heap   total 109568K, used 39573K [0x0000000089c00000, 0x0000000100000000)
  region size 1024K, 3 young (3072K), 3 survivors (3072K)
 Metaspace       used 90703K, committed 91520K, reserved 1179648K
  class space    used 12027K, committed 12544K, reserved 1048576K
}
Event: 5080.060 GC heap before
{Heap before GC invocations=44 (full 0):
 garbage-first heap   total 109568K, used 99989K [0x0000000089c00000, 0x0000000100000000)
  region size 1024K, 62 young (63488K), 3 survivors (3072K)
 Metaspace       used 90736K, committed 91584K, reserved 1179648K
  class space    used 12027K, committed 12544K, reserved 1048576K
}
Event: 5080.126 GC heap after
{Heap after GC invocations=45 (full 0):
 garbage-first heap   total 109568K, used 38975K [0x0000000089c00000, 0x0000000100000000)
  region size 1024K, 3 young (3072K), 3 survivors (3072K)
 Metaspace       used 90736K, committed 91584K, reserved 1179648K
  class space    used 12027K, committed 12544K, reserved 1048576K
}
Event: 5502.281 GC heap before
{Heap before GC invocations=45 (full 0):
 garbage-first heap   total 109568K, used 99391K [0x0000000089c00000, 0x0000000100000000)
  region size 1024K, 62 young (63488K), 3 survivors (3072K)
 Metaspace       used 90801K, committed 91648K, reserved 1179648K
  class space    used 12027K, committed 12544K, reserved 1048576K
}
Event: 5502.817 GC heap after
{Heap after GC invocations=46 (full 0):
 garbage-first heap   total 109568K, used 39147K [0x0000000089c00000, 0x0000000100000000)
  region size 1024K, 2 young (2048K), 2 survivors (2048K)
 Metaspace       used 90801K, committed 91648K, reserved 1179648K
  class space    used 12027K, committed 12544K, reserved 1048576K
}
Event: 5527.854 GC heap before
{Heap before GC invocations=47 (full 0):
 garbage-first heap   total 109568K, used 42219K [0x0000000089c00000, 0x0000000100000000)
  region size 1024K, 5 young (5120K), 2 survivors (2048K)
 Metaspace       used 90801K, committed 91648K, reserved 1179648K
  class space    used 12027K, committed 12544K, reserved 1048576K
}
Event: 5527.863 GC heap after
{Heap after GC invocations=48 (full 0):
 garbage-first heap   total 109568K, used 38725K [0x0000000089c00000, 0x0000000100000000)
  region size 1024K, 1 young (1024K), 1 survivors (1024K)
 Metaspace       used 90801K, committed 91648K, reserved 1179648K
  class space    used 12027K, committed 12544K, reserved 1048576K
}
Event: 5830.737 GC heap before
{Heap before GC invocations=48 (full 0):
 garbage-first heap   total 109568K, used 100165K [0x0000000089c00000, 0x0000000100000000)
  region size 1024K, 62 young (63488K), 1 survivors (1024K)
 Metaspace       used 91071K, committed 91904K, reserved 1179648K
  class space    used 12030K, committed 12544K, reserved 1048576K
}
Event: 5830.762 GC heap after
{Heap after GC invocations=49 (full 0):
 garbage-first heap   total 109568K, used 38701K [0x0000000089c00000, 0x0000000100000000)
  region size 1024K, 1 young (1024K), 1 survivors (1024K)
 Metaspace       used 91071K, committed 91904K, reserved 1179648K
  class space    used 12030K, committed 12544K, reserved 1048576K
}
Event: 6133.334 GC heap before
{Heap before GC invocations=49 (full 0):
 garbage-first heap   total 109568K, used 101165K [0x0000000089c00000, 0x0000000100000000)
  region size 1024K, 62 young (63488K), 1 survivors (1024K)
 Metaspace       used 91323K, committed 92160K, reserved 1179648K
  class space    used 12031K, committed 12544K, reserved 1048576K
}
Event: 6133.366 GC heap after
{Heap after GC invocations=50 (full 0):
 garbage-first heap   total 109568K, used 38557K [0x0000000089c00000, 0x0000000100000000)
  region size 1024K, 1 young (1024K), 1 survivors (1024K)
 Metaspace       used 91323K, committed 92160K, reserved 1179648K
  class space    used 12031K, committed 12544K, reserved 1048576K
}
Event: 6354.802 GC heap before
{Heap before GC invocations=50 (full 0):
 garbage-first heap   total 109568K, used 101021K [0x0000000089c00000, 0x0000000100000000)
  region size 1024K, 62 young (63488K), 1 survivors (1024K)
 Metaspace       used 91542K, committed 92416K, reserved 1179648K
  class space    used 12031K, committed 12544K, reserved 1048576K
}
Event: 6354.832 GC heap after
{Heap after GC invocations=51 (full 0):
 garbage-first heap   total 109568K, used 38853K [0x0000000089c00000, 0x0000000100000000)
  region size 1024K, 1 young (1024K), 1 survivors (1024K)
 Metaspace       used 91542K, committed 92416K, reserved 1179648K
  class space    used 12031K, committed 12544K, reserved 1048576K
}

